<?xml version="1.0" encoding="UTF-8"?>
<testng-results ignored="0" total="1" passed="1" failed="0" skipped="0">
  <reporter-output>
  </reporter-output>
  <suite started-at="2022-09-20T16:13:08 IST" name="Suite" finished-at="2022-09-20T16:13:38 IST" duration-ms="30229">
    <groups>
    </groups>
    <test started-at="2022-09-20T16:13:08 IST" name="Test" finished-at="2022-09-20T16:13:38 IST" duration-ms="30229">
      <class name="org.doorDashTest.AddDishCartTest1">
        <test-method is-config="true" signature="classSetUp()[pri:0, instance:org.doorDashTest.AddDishCartTest1@4c1909a3]" started-at="2022-09-20T16:13:08 IST" name="classSetUp" finished-at="2022-09-20T16:13:26 IST" duration-ms="17634" status="PASS">
          <reporter-output>
          </reporter-output>
        </test-method> <!-- classSetUp -->
        <test-method signature="addDishCartTest1()[pri:0, instance:org.doorDashTest.AddDishCartTest1@4c1909a3]" started-at="2022-09-20T16:13:26 IST" name="addDishCartTest1" finished-at="2022-09-20T16:13:38 IST" duration-ms="12404" status="PASS">
          <reporter-output>
          </reporter-output>
        </test-method> <!-- addDishCartTest1 -->
        <test-method is-config="true" signature="MethodTearDown()[pri:0, instance:org.doorDashTest.AddDishCartTest1@4c1909a3]" started-at="2022-09-20T16:13:38 IST" name="MethodTearDown" finished-at="2022-09-20T16:13:38 IST" duration-ms="3" status="PASS">
          <reporter-output>
          </reporter-output>
        </test-method> <!-- MethodTearDown -->
        <test-method is-config="true" signature="classTearDown()[pri:0, instance:org.doorDashTest.AddDishCartTest1@4c1909a3]" started-at="2022-09-20T16:13:38 IST" name="classTearDown" finished-at="2022-09-20T16:13:38 IST" duration-ms="2" status="PASS">
          <reporter-output>
          </reporter-output>
        </test-method> <!-- classTearDown -->
      </class> <!-- org.doorDashTest.AddDishCartTest1 -->
    </test> <!-- Test -->
  </suite> <!-- Suite -->
</testng-results>
